2015-07-05 21:37:05 Notice: Notice (8): Undefined variable: articles in [E:\mywork\freelance\ITHelpDesk\sourcecode\helpdesk\src\Template\User\index.ctp, line 13]
Trace:
Cake\Error\BaseErrorHandler::handleError() - CORE\src\Error\BaseErrorHandler.php, line 138
include - APP/Template\User\index.ctp, line 13
Cake\View\View::_evaluate() - CORE\src\View\View.php, line 833
Cake\View\View::_render() - CORE\src\View\View.php, line 793
Cake\View\View::render() - CORE\src\View\View.php, line 464
Cake\Controller\Controller::render() - CORE\src\Controller\Controller.php, line 582
Cake\Routing\Dispatcher::_invoke() - CORE\src\Routing\Dispatcher.php, line 120
Cake\Routing\Dispatcher::dispatch() - CORE\src\Routing\Dispatcher.php, line 87
[main] - ROOT\webroot\index.php, line 37



2015-07-05 21:38:16 Notice: Notice (8): Undefined variable: articles in [E:\mywork\freelance\ITHelpDesk\sourcecode\helpdesk\src\Template\User\index.ctp, line 13]
Trace:
Cake\Error\BaseErrorHandler::handleError() - CORE\src\Error\BaseErrorHandler.php, line 138
include - APP/Template\User\index.ctp, line 13
Cake\View\View::_evaluate() - CORE\src\View\View.php, line 833
Cake\View\View::_render() - CORE\src\View\View.php, line 793
Cake\View\View::render() - CORE\src\View\View.php, line 464
Cake\Controller\Controller::render() - CORE\src\Controller\Controller.php, line 582
Cake\Routing\Dispatcher::_invoke() - CORE\src\Routing\Dispatcher.php, line 120
Cake\Routing\Dispatcher::dispatch() - CORE\src\Routing\Dispatcher.php, line 87
[main] - ROOT\webroot\index.php, line 37



2015-07-05 21:53:19 Notice: Notice (8): Undefined variable: user in [E:\mywork\freelance\ITHelpDesk\sourcecode\helpdesk\src\Template\User\index.ctp, line 13]
Trace:
Cake\Error\BaseErrorHandler::handleError() - CORE\src\Error\BaseErrorHandler.php, line 138
include - APP/Template\User\index.ctp, line 13
Cake\View\View::_evaluate() - CORE\src\View\View.php, line 833
Cake\View\View::_render() - CORE\src\View\View.php, line 793
Cake\View\View::render() - CORE\src\View\View.php, line 464
Cake\Controller\Controller::render() - CORE\src\Controller\Controller.php, line 582
Cake\Routing\Dispatcher::_invoke() - CORE\src\Routing\Dispatcher.php, line 120
Cake\Routing\Dispatcher::dispatch() - CORE\src\Routing\Dispatcher.php, line 87
[main] - ROOT\webroot\index.php, line 37



2015-07-05 22:00:50 Notice: Notice (8): Undefined variable: user in [E:\mywork\freelance\ITHelpDesk\sourcecode\helpdesk\src\Template\User\index.ctp, line 13]
Trace:
Cake\Error\BaseErrorHandler::handleError() - CORE\src\Error\BaseErrorHandler.php, line 138
include - APP/Template\User\index.ctp, line 13
Cake\View\View::_evaluate() - CORE\src\View\View.php, line 833
Cake\View\View::_render() - CORE\src\View\View.php, line 793
Cake\View\View::render() - CORE\src\View\View.php, line 464
Cake\Controller\Controller::render() - CORE\src\Controller\Controller.php, line 582
Cake\Routing\Dispatcher::_invoke() - CORE\src\Routing\Dispatcher.php, line 120
Cake\Routing\Dispatcher::dispatch() - CORE\src\Routing\Dispatcher.php, line 87
[main] - ROOT\webroot\index.php, line 37



2015-07-05 22:01:18 Notice: Notice (8): Undefined variable: item in [E:\mywork\freelance\ITHelpDesk\sourcecode\helpdesk\src\Template\User\index.ctp, line 13]
Trace:
Cake\Error\BaseErrorHandler::handleError() - CORE\src\Error\BaseErrorHandler.php, line 138
include - APP/Template\User\index.ctp, line 13
Cake\View\View::_evaluate() - CORE\src\View\View.php, line 833
Cake\View\View::_render() - CORE\src\View\View.php, line 793
Cake\View\View::render() - CORE\src\View\View.php, line 464
Cake\Controller\Controller::render() - CORE\src\Controller\Controller.php, line 582
Cake\Routing\Dispatcher::_invoke() - CORE\src\Routing\Dispatcher.php, line 120
Cake\Routing\Dispatcher::dispatch() - CORE\src\Routing\Dispatcher.php, line 87
[main] - ROOT\webroot\index.php, line 37



2015-07-06 10:33:22 Notice: Notice (8): Undefined variable: columns in [E:\mywork\freelance\ITHelpDesk\sourcecode\helpdesk\src\Controller\UserController.php, line 36]
Trace:
Cake\Error\BaseErrorHandler::handleError() - CORE\src\Error\BaseErrorHandler.php, line 138
App\Controller\UserController::index() - APP/Controller\UserController.php, line 36
Cake\Controller\Controller::invokeAction() - CORE\src\Controller\Controller.php, line 411
Cake\Routing\Dispatcher::_invoke() - CORE\src\Routing\Dispatcher.php, line 114
Cake\Routing\Dispatcher::dispatch() - CORE\src\Routing\Dispatcher.php, line 87
[main] - ROOT\webroot\index.php, line 37



2015-07-08 07:30:27 Notice: Notice (8): Undefined variable: cakeDescription in [E:\mywork\freelance\ITHelpDesk\sourcecode\helpdesk\src\Template\Questions\home.ctp, line 34]
Trace:
Cake\Error\BaseErrorHandler::handleError() - CORE\src\Error\BaseErrorHandler.php, line 138
include - APP/Template\Questions\home.ctp, line 34
Cake\View\View::_evaluate() - CORE\src\View\View.php, line 833
Cake\View\View::_render() - CORE\src\View\View.php, line 793
Cake\View\View::render() - CORE\src\View\View.php, line 464
Cake\Controller\Controller::render() - CORE\src\Controller\Controller.php, line 582
Cake\Routing\Dispatcher::_invoke() - CORE\src\Routing\Dispatcher.php, line 120
Cake\Routing\Dispatcher::dispatch() - CORE\src\Routing\Dispatcher.php, line 87
[main] - ROOT\webroot\index.php, line 37



2015-07-08 07:31:39 Notice: Notice (8): Undefined variable: cakeDescription in [E:\mywork\freelance\ITHelpDesk\sourcecode\helpdesk\src\Template\Questions\home.ctp, line 34]
Trace:
Cake\Error\BaseErrorHandler::handleError() - CORE\src\Error\BaseErrorHandler.php, line 138
include - APP/Template\Questions\home.ctp, line 34
Cake\View\View::_evaluate() - CORE\src\View\View.php, line 833
Cake\View\View::_render() - CORE\src\View\View.php, line 793
Cake\View\View::render() - CORE\src\View\View.php, line 464
Cake\Controller\Controller::render() - CORE\src\Controller\Controller.php, line 582
Cake\Routing\Dispatcher::_invoke() - CORE\src\Routing\Dispatcher.php, line 120
Cake\Routing\Dispatcher::dispatch() - CORE\src\Routing\Dispatcher.php, line 87
[main] - ROOT\webroot\index.php, line 37



2015-07-08 07:33:06 Notice: Notice (8): Undefined variable: cakeDescription in [E:\mywork\freelance\ITHelpDesk\sourcecode\helpdesk\src\Template\Questions\home.ctp, line 34]
Trace:
Cake\Error\BaseErrorHandler::handleError() - CORE\src\Error\BaseErrorHandler.php, line 138
include - APP/Template\Questions\home.ctp, line 34
Cake\View\View::_evaluate() - CORE\src\View\View.php, line 833
Cake\View\View::_render() - CORE\src\View\View.php, line 793
Cake\View\View::render() - CORE\src\View\View.php, line 464
Cake\Controller\Controller::render() - CORE\src\Controller\Controller.php, line 582
Cake\Routing\Dispatcher::_invoke() - CORE\src\Routing\Dispatcher.php, line 120
Cake\Routing\Dispatcher::dispatch() - CORE\src\Routing\Dispatcher.php, line 87
[main] - ROOT\webroot\index.php, line 37



2015-07-08 07:33:09 Notice: Notice (8): Undefined variable: cakeDescription in [E:\mywork\freelance\ITHelpDesk\sourcecode\helpdesk\src\Template\Questions\home.ctp, line 34]
Trace:
Cake\Error\BaseErrorHandler::handleError() - CORE\src\Error\BaseErrorHandler.php, line 138
include - APP/Template\Questions\home.ctp, line 34
Cake\View\View::_evaluate() - CORE\src\View\View.php, line 833
Cake\View\View::_render() - CORE\src\View\View.php, line 793
Cake\View\View::render() - CORE\src\View\View.php, line 464
Cake\Controller\Controller::render() - CORE\src\Controller\Controller.php, line 582
Cake\Routing\Dispatcher::_invoke() - CORE\src\Routing\Dispatcher.php, line 120
Cake\Routing\Dispatcher::dispatch() - CORE\src\Routing\Dispatcher.php, line 87
[main] - ROOT\webroot\index.php, line 37



2015-07-08 07:36:08 Notice: Notice (8): Undefined variable: cakeDescription in [E:\mywork\freelance\ITHelpDesk\sourcecode\helpdesk\src\Template\Questions\home.ctp, line 34]
Trace:
Cake\Error\BaseErrorHandler::handleError() - CORE\src\Error\BaseErrorHandler.php, line 138
include - APP/Template\Questions\home.ctp, line 34
Cake\View\View::_evaluate() - CORE\src\View\View.php, line 833
Cake\View\View::_render() - CORE\src\View\View.php, line 793
Cake\View\View::render() - CORE\src\View\View.php, line 464
Cake\Controller\Controller::render() - CORE\src\Controller\Controller.php, line 582
Cake\Routing\Dispatcher::_invoke() - CORE\src\Routing\Dispatcher.php, line 120
Cake\Routing\Dispatcher::dispatch() - CORE\src\Routing\Dispatcher.php, line 87
[main] - ROOT\webroot\index.php, line 37



2015-07-08 07:37:58 Notice: Notice (8): Undefined variable: cakeDescription in [E:\mywork\freelance\ITHelpDesk\sourcecode\helpdesk\src\Template\Questions\home.ctp, line 34]
Trace:
Cake\Error\BaseErrorHandler::handleError() - CORE\src\Error\BaseErrorHandler.php, line 138
include - APP/Template\Questions\home.ctp, line 34
Cake\View\View::_evaluate() - CORE\src\View\View.php, line 833
Cake\View\View::_render() - CORE\src\View\View.php, line 793
Cake\View\View::render() - CORE\src\View\View.php, line 464
Cake\Controller\Controller::render() - CORE\src\Controller\Controller.php, line 582
Cake\Routing\Dispatcher::_invoke() - CORE\src\Routing\Dispatcher.php, line 120
Cake\Routing\Dispatcher::dispatch() - CORE\src\Routing\Dispatcher.php, line 87
[main] - ROOT\webroot\index.php, line 37



2015-07-08 07:45:54 Notice: Notice (8): Undefined variable: cakeDescription in [E:\mywork\freelance\ITHelpDesk\sourcecode\helpdesk\src\Template\Questions\home.ctp, line 34]
Trace:
Cake\Error\BaseErrorHandler::handleError() - CORE\src\Error\BaseErrorHandler.php, line 138
include - APP/Template\Questions\home.ctp, line 34
Cake\View\View::_evaluate() - CORE\src\View\View.php, line 833
Cake\View\View::_render() - CORE\src\View\View.php, line 793
Cake\View\View::render() - CORE\src\View\View.php, line 464
Cake\Controller\Controller::render() - CORE\src\Controller\Controller.php, line 582
Cake\Routing\Dispatcher::_invoke() - CORE\src\Routing\Dispatcher.php, line 120
Cake\Routing\Dispatcher::dispatch() - CORE\src\Routing\Dispatcher.php, line 87
[main] - ROOT\webroot\index.php, line 37



2015-07-08 07:46:15 Notice: Notice (8): Undefined variable: cakeDescription in [E:\mywork\freelance\ITHelpDesk\sourcecode\helpdesk\src\Template\Questions\home.ctp, line 34]
Trace:
Cake\Error\BaseErrorHandler::handleError() - CORE\src\Error\BaseErrorHandler.php, line 138
include - APP/Template\Questions\home.ctp, line 34
Cake\View\View::_evaluate() - CORE\src\View\View.php, line 833
Cake\View\View::_render() - CORE\src\View\View.php, line 793
Cake\View\View::render() - CORE\src\View\View.php, line 464
Cake\Controller\Controller::render() - CORE\src\Controller\Controller.php, line 582
Cake\Routing\Dispatcher::_invoke() - CORE\src\Routing\Dispatcher.php, line 120
Cake\Routing\Dispatcher::dispatch() - CORE\src\Routing\Dispatcher.php, line 87
[main] - ROOT\webroot\index.php, line 37



2015-07-08 07:47:42 Notice: Notice (8): Undefined variable: cakeDescription in [E:\mywork\freelance\ITHelpDesk\sourcecode\helpdesk\src\Template\Questions\home.ctp, line 34]
Trace:
Cake\Error\BaseErrorHandler::handleError() - CORE\src\Error\BaseErrorHandler.php, line 138
include - APP/Template\Questions\home.ctp, line 34
Cake\View\View::_evaluate() - CORE\src\View\View.php, line 833
Cake\View\View::_render() - CORE\src\View\View.php, line 793
Cake\View\View::render() - CORE\src\View\View.php, line 464
Cake\Controller\Controller::render() - CORE\src\Controller\Controller.php, line 582
Cake\Routing\Dispatcher::_invoke() - CORE\src\Routing\Dispatcher.php, line 120
Cake\Routing\Dispatcher::dispatch() - CORE\src\Routing\Dispatcher.php, line 87
[main] - ROOT\webroot\index.php, line 37



2015-07-09 19:26:31 Notice: Notice (8): Undefined variable: cakeDescription in [E:\mywork\freelance\ITHelpDesk\sourcecode\helpdesk\src\Template\Questions\home.ctp, line 34]
Trace:
Cake\Error\BaseErrorHandler::handleError() - CORE\src\Error\BaseErrorHandler.php, line 138
include - APP/Template\Questions\home.ctp, line 34
Cake\View\View::_evaluate() - CORE\src\View\View.php, line 833
Cake\View\View::_render() - CORE\src\View\View.php, line 793
Cake\View\View::render() - CORE\src\View\View.php, line 464
Cake\Controller\Controller::render() - CORE\src\Controller\Controller.php, line 582
Cake\Routing\Dispatcher::_invoke() - CORE\src\Routing\Dispatcher.php, line 120
Cake\Routing\Dispatcher::dispatch() - CORE\src\Routing\Dispatcher.php, line 87
[main] - ROOT\webroot\index.php, line 37



2015-07-09 19:34:14 Notice: Notice (8): Undefined variable: cakeDescription in [E:\mywork\freelance\ITHelpDesk\sourcecode\helpdesk\src\Template\Questions\home.ctp, line 34]
Trace:
Cake\Error\BaseErrorHandler::handleError() - CORE\src\Error\BaseErrorHandler.php, line 138
include - APP/Template\Questions\home.ctp, line 34
Cake\View\View::_evaluate() - CORE\src\View\View.php, line 833
Cake\View\View::_render() - CORE\src\View\View.php, line 793
Cake\View\View::render() - CORE\src\View\View.php, line 464
Cake\Controller\Controller::render() - CORE\src\Controller\Controller.php, line 582
Cake\Routing\Dispatcher::_invoke() - CORE\src\Routing\Dispatcher.php, line 120
Cake\Routing\Dispatcher::dispatch() - CORE\src\Routing\Dispatcher.php, line 87
[main] - ROOT\webroot\index.php, line 37



2015-07-10 10:03:17 Notice: Notice (8): Undefined variable: title in [E:\mywork\freelance\ITHelpDesk\sourcecode\helpdesk\vendor\cakephp\cakephp\src\View\Helper\HtmlHelper.php, line 338]
Trace:
Cake\Error\BaseErrorHandler::handleError() - CORE\src\Error\BaseErrorHandler.php, line 138
Cake\View\Helper\HtmlHelper::link() - CORE\src\View\Helper\HtmlHelper.php, line 338
include - APP/Template\Layout\default.ctp, line 80
Cake\View\View::_evaluate() - CORE\src\View\View.php, line 833
Cake\View\View::_render() - CORE\src\View\View.php, line 793
Cake\View\View::renderLayout() - CORE\src\View\View.php, line 510
Cake\View\View::render() - CORE\src\View\View.php, line 472
Cake\Controller\Controller::render() - CORE\src\Controller\Controller.php, line 582
Cake\Routing\Dispatcher::_invoke() - CORE\src\Routing\Dispatcher.php, line 120
Cake\Routing\Dispatcher::dispatch() - CORE\src\Routing\Dispatcher.php, line 87
[main] - ROOT\webroot\index.php, line 37



2015-07-11 07:45:08 Notice: Notice (8): Undefined variable: user in [E:\mywork\freelance\ITHelpDesk\sourcecode\helpdesk\src\Controller\UserController.php, line 20]
Trace:
Cake\Error\BaseErrorHandler::handleError() - CORE\src\Error\BaseErrorHandler.php, line 138
App\Controller\UserController::login() - APP/Controller\UserController.php, line 20
Cake\Controller\Controller::invokeAction() - CORE\src\Controller\Controller.php, line 411
Cake\Routing\Dispatcher::_invoke() - CORE\src\Routing\Dispatcher.php, line 114
Cake\Routing\Dispatcher::dispatch() - CORE\src\Routing\Dispatcher.php, line 87
[main] - ROOT\webroot\index.php, line 37



2015-07-11 07:46:10 Notice: Notice (8): Use of undefined constant userid - assumed 'userid' in [E:\mywork\freelance\ITHelpDesk\sourcecode\helpdesk\src\Controller\UserController.php, line 21]
Trace:
Cake\Error\BaseErrorHandler::handleError() - CORE\src\Error\BaseErrorHandler.php, line 138
App\Controller\UserController::login() - APP/Controller\UserController.php, line 21
Cake\Controller\Controller::invokeAction() - CORE\src\Controller\Controller.php, line 411
Cake\Routing\Dispatcher::_invoke() - CORE\src\Routing\Dispatcher.php, line 114
Cake\Routing\Dispatcher::dispatch() - CORE\src\Routing\Dispatcher.php, line 87
[main] - ROOT\webroot\index.php, line 37



2015-07-11 07:51:17 Notice: Notice (8): Indirect modification of overloaded property App\Controller\UserController::$UserTimeStamps has no effect in [E:\mywork\freelance\ITHelpDesk\sourcecode\helpdesk\src\Controller\UserController.php, line 21]
Trace:
Cake\Error\BaseErrorHandler::handleError() - CORE\src\Error\BaseErrorHandler.php, line 138
App\Controller\UserController::login() - APP/Controller\UserController.php, line 21
Cake\Controller\Controller::invokeAction() - CORE\src\Controller\Controller.php, line 411
Cake\Routing\Dispatcher::_invoke() - CORE\src\Routing\Dispatcher.php, line 114
Cake\Routing\Dispatcher::dispatch() - CORE\src\Routing\Dispatcher.php, line 87
[main] - ROOT\webroot\index.php, line 37



2015-07-11 07:51:17 Notice: Notice (8): Indirect modification of overloaded property App\Controller\UserController::$UserTimeStamps has no effect in [E:\mywork\freelance\ITHelpDesk\sourcecode\helpdesk\src\Controller\UserController.php, line 22]
Trace:
Cake\Error\BaseErrorHandler::handleError() - CORE\src\Error\BaseErrorHandler.php, line 138
App\Controller\UserController::login() - APP/Controller\UserController.php, line 22
Cake\Controller\Controller::invokeAction() - CORE\src\Controller\Controller.php, line 411
Cake\Routing\Dispatcher::_invoke() - CORE\src\Routing\Dispatcher.php, line 114
Cake\Routing\Dispatcher::dispatch() - CORE\src\Routing\Dispatcher.php, line 87
[main] - ROOT\webroot\index.php, line 37



2015-07-11 07:51:17 Notice: Notice (8): Indirect modification of overloaded property App\Controller\UserController::$UserTimeStamps has no effect in [E:\mywork\freelance\ITHelpDesk\sourcecode\helpdesk\src\Controller\UserController.php, line 23]
Trace:
Cake\Error\BaseErrorHandler::handleError() - CORE\src\Error\BaseErrorHandler.php, line 138
App\Controller\UserController::login() - APP/Controller\UserController.php, line 23
Cake\Controller\Controller::invokeAction() - CORE\src\Controller\Controller.php, line 411
Cake\Routing\Dispatcher::_invoke() - CORE\src\Routing\Dispatcher.php, line 114
Cake\Routing\Dispatcher::dispatch() - CORE\src\Routing\Dispatcher.php, line 87
[main] - ROOT\webroot\index.php, line 37



2015-07-11 10:43:09 Notice: Strict (2048): Declaration of App\Controller\UserController::beforeFilter() should be compatible with Cake\Controller\Controller::beforeFilter(Cake\Event\Event $event) in [E:\mywork\freelance\ITHelpDesk\sourcecode\helpdesk\src\Controller\UserController.php, line 11]
Trace:
Cake\Error\BaseErrorHandler::handleError() - CORE\src\Error\BaseErrorHandler.php, line 138
include - APP/Controller\UserController.php, line 11
Composer\Autoload\includeFile - ROOT\vendor\composer\ClassLoader.php, line 412
Composer\Autoload\ClassLoader::loadClass() - ROOT\vendor\composer\ClassLoader.php, line 301
spl_autoload_call - [internal], line ??
class_exists - [internal], line ??
Cake\Core\App::_classExistsInBase() - CORE\src\Core\App.php, line 89
Cake\Core\App::className() - CORE\src\Core\App.php, line 66
Cake\Routing\Filter\ControllerFactoryFilter::_getController() - CORE\src\Routing\Filter\ControllerFactoryFilter.php, line 78
Cake\Routing\Filter\ControllerFactoryFilter::beforeDispatch() - CORE\src\Routing\Filter\ControllerFactoryFilter.php, line 49
Cake\Routing\DispatcherFilter::handle() - CORE\src\Routing\DispatcherFilter.php, line 145
Cake\Event\EventManager::_callListener() - CORE\src\Event\EventManager.php, line 389
Cake\Event\EventManager::dispatch() - CORE\src\Event\EventManager.php, line 355
Cake\Routing\Dispatcher::dispatchEvent() - CORE\src\Event\EventManagerTrait.php, line 78
Cake\Routing\Dispatcher::dispatch() - CORE\src\Routing\Dispatcher.php, line 62
[main] - ROOT\webroot\index.php, line 37



2015-07-11 18:56:48 Notice: Strict (2048): Declaration of App\Controller\AppController::beforeFilter() should be compatible with Cake\Controller\Controller::beforeFilter(Cake\Event\Event $event) in [E:\mywork\freelance\ITHelpDesk\sourcecode\helpdesk\src\Controller\AppController.php, line 28]
Trace:
Cake\Error\BaseErrorHandler::handleError() - CORE\src\Error\BaseErrorHandler.php, line 138
include - APP/Controller\AppController.php, line 28
Composer\Autoload\includeFile - ROOT\vendor\composer\ClassLoader.php, line 412
Composer\Autoload\ClassLoader::loadClass() - ROOT\vendor\composer\ClassLoader.php, line 301
spl_autoload_call - [internal], line ??
include - APP/Controller\QuestionsController.php, line 9
Composer\Autoload\includeFile - ROOT\vendor\composer\ClassLoader.php, line 412
Composer\Autoload\ClassLoader::loadClass() - ROOT\vendor\composer\ClassLoader.php, line 301
spl_autoload_call - [internal], line ??
class_exists - [internal], line ??
Cake\Core\App::_classExistsInBase() - CORE\src\Core\App.php, line 89
Cake\Core\App::className() - CORE\src\Core\App.php, line 66
Cake\Routing\Filter\ControllerFactoryFilter::_getController() - CORE\src\Routing\Filter\ControllerFactoryFilter.php, line 78
Cake\Routing\Filter\ControllerFactoryFilter::beforeDispatch() - CORE\src\Routing\Filter\ControllerFactoryFilter.php, line 49
Cake\Routing\DispatcherFilter::handle() - CORE\src\Routing\DispatcherFilter.php, line 145
Cake\Event\EventManager::_callListener() - CORE\src\Event\EventManager.php, line 389
Cake\Event\EventManager::dispatch() - CORE\src\Event\EventManager.php, line 355
Cake\Routing\Dispatcher::dispatchEvent() - CORE\src\Event\EventManagerTrait.php, line 78
Cake\Routing\Dispatcher::dispatch() - CORE\src\Routing\Dispatcher.php, line 62
[main] - ROOT\webroot\index.php, line 37



2015-07-12 18:56:17 Notice: Strict (2048): Declaration of App\Controller\QuestionsController::beforeFilter() should be compatible with App\Controller\AppController::beforeFilter(Cake\Event\Event $event) in [E:\mywork\freelance\ITHelpDesk\sourcecode\helpdesk\src\Controller\QuestionsController.php, line 9]
Trace:
Cake\Error\BaseErrorHandler::handleError() - CORE\src\Error\BaseErrorHandler.php, line 138
include - APP/Controller\QuestionsController.php, line 9
Composer\Autoload\includeFile - ROOT\vendor\composer\ClassLoader.php, line 412
Composer\Autoload\ClassLoader::loadClass() - ROOT\vendor\composer\ClassLoader.php, line 301
spl_autoload_call - [internal], line ??
class_exists - [internal], line ??
Cake\Core\App::_classExistsInBase() - CORE\src\Core\App.php, line 89
Cake\Core\App::className() - CORE\src\Core\App.php, line 66
Cake\Routing\Filter\ControllerFactoryFilter::_getController() - CORE\src\Routing\Filter\ControllerFactoryFilter.php, line 78
Cake\Routing\Filter\ControllerFactoryFilter::beforeDispatch() - CORE\src\Routing\Filter\ControllerFactoryFilter.php, line 49
Cake\Routing\DispatcherFilter::handle() - CORE\src\Routing\DispatcherFilter.php, line 145
Cake\Event\EventManager::_callListener() - CORE\src\Event\EventManager.php, line 389
Cake\Event\EventManager::dispatch() - CORE\src\Event\EventManager.php, line 355
Cake\Routing\Dispatcher::dispatchEvent() - CORE\src\Event\EventManagerTrait.php, line 78
Cake\Routing\Dispatcher::dispatch() - CORE\src\Routing\Dispatcher.php, line 62
[main] - ROOT\webroot\index.php, line 37



2015-07-12 18:57:07 Notice: Strict (2048): Declaration of App\Controller\QuestionsController::beforeFilter() should be compatible with App\Controller\AppController::beforeFilter(Cake\Event\Event $event) in [E:\mywork\freelance\ITHelpDesk\sourcecode\helpdesk\src\Controller\QuestionsController.php, line 9]
Trace:
Cake\Error\BaseErrorHandler::handleError() - CORE\src\Error\BaseErrorHandler.php, line 138
include - APP/Controller\QuestionsController.php, line 9
Composer\Autoload\includeFile - ROOT\vendor\composer\ClassLoader.php, line 412
Composer\Autoload\ClassLoader::loadClass() - ROOT\vendor\composer\ClassLoader.php, line 301
spl_autoload_call - [internal], line ??
class_exists - [internal], line ??
Cake\Core\App::_classExistsInBase() - CORE\src\Core\App.php, line 89
Cake\Core\App::className() - CORE\src\Core\App.php, line 66
Cake\Routing\Filter\ControllerFactoryFilter::_getController() - CORE\src\Routing\Filter\ControllerFactoryFilter.php, line 78
Cake\Routing\Filter\ControllerFactoryFilter::beforeDispatch() - CORE\src\Routing\Filter\ControllerFactoryFilter.php, line 49
Cake\Routing\DispatcherFilter::handle() - CORE\src\Routing\DispatcherFilter.php, line 145
Cake\Event\EventManager::_callListener() - CORE\src\Event\EventManager.php, line 389
Cake\Event\EventManager::dispatch() - CORE\src\Event\EventManager.php, line 355
Cake\Routing\Dispatcher::dispatchEvent() - CORE\src\Event\EventManagerTrait.php, line 78
Cake\Routing\Dispatcher::dispatch() - CORE\src\Routing\Dispatcher.php, line 62
[main] - ROOT\webroot\index.php, line 37



2015-07-14 09:14:41 Notice: Notice (8): Trying to get property of non-object in [E:\mywork\freelance\ITHelpDesk\sourcecode\helpdesk\src\Controller\UsersController.php, line 33]
Trace:
Cake\Error\BaseErrorHandler::handleError() - CORE\src\Error\BaseErrorHandler.php, line 138
App\Controller\UsersController::login() - APP/Controller\UsersController.php, line 33
Cake\Controller\Controller::invokeAction() - CORE\src\Controller\Controller.php, line 411
Cake\Routing\Dispatcher::_invoke() - CORE\src\Routing\Dispatcher.php, line 114
Cake\Routing\Dispatcher::dispatch() - CORE\src\Routing\Dispatcher.php, line 87
[main] - ROOT\webroot\index.php, line 37



2015-07-14 09:18:36 Notice: Notice (8): Trying to get property of non-object in [E:\mywork\freelance\ITHelpDesk\sourcecode\helpdesk\src\Controller\UsersController.php, line 34]
Trace:
Cake\Error\BaseErrorHandler::handleError() - CORE\src\Error\BaseErrorHandler.php, line 138
App\Controller\UsersController::login() - APP/Controller\UsersController.php, line 34
Cake\Controller\Controller::invokeAction() - CORE\src\Controller\Controller.php, line 411
Cake\Routing\Dispatcher::_invoke() - CORE\src\Routing\Dispatcher.php, line 114
Cake\Routing\Dispatcher::dispatch() - CORE\src\Routing\Dispatcher.php, line 87
[main] - ROOT\webroot\index.php, line 37



2015-07-14 09:19:13 Notice: Notice (8): Trying to get property of non-object in [E:\mywork\freelance\ITHelpDesk\sourcecode\helpdesk\src\Controller\UsersController.php, line 32]
Trace:
Cake\Error\BaseErrorHandler::handleError() - CORE\src\Error\BaseErrorHandler.php, line 138
App\Controller\UsersController::login() - APP/Controller\UsersController.php, line 32
Cake\Controller\Controller::invokeAction() - CORE\src\Controller\Controller.php, line 411
Cake\Routing\Dispatcher::_invoke() - CORE\src\Routing\Dispatcher.php, line 114
Cake\Routing\Dispatcher::dispatch() - CORE\src\Routing\Dispatcher.php, line 87
[main] - ROOT\webroot\index.php, line 37



2015-07-14 09:19:38 Notice: Notice (8): Trying to get property of non-object in [E:\mywork\freelance\ITHelpDesk\sourcecode\helpdesk\src\Controller\UsersController.php, line 32]
Trace:
Cake\Error\BaseErrorHandler::handleError() - CORE\src\Error\BaseErrorHandler.php, line 138
App\Controller\UsersController::login() - APP/Controller\UsersController.php, line 32
Cake\Controller\Controller::invokeAction() - CORE\src\Controller\Controller.php, line 411
Cake\Routing\Dispatcher::_invoke() - CORE\src\Routing\Dispatcher.php, line 114
Cake\Routing\Dispatcher::dispatch() - CORE\src\Routing\Dispatcher.php, line 87
[main] - ROOT\webroot\index.php, line 37



2015-07-14 14:14:34 Notice: Notice (8): Undefined variable: authUser in [E:\mywork\freelance\ITHelpDesk\sourcecode\helpdesk\src\Template\Layout\default.ctp, line 90]
Trace:
Cake\Error\BaseErrorHandler::handleError() - CORE\src\Error\BaseErrorHandler.php, line 138
include - APP/Template\Layout\default.ctp, line 90
Cake\View\View::_evaluate() - CORE\src\View\View.php, line 833
Cake\View\View::_render() - CORE\src\View\View.php, line 793
Cake\View\View::renderLayout() - CORE\src\View\View.php, line 510
Cake\View\View::render() - CORE\src\View\View.php, line 472
Cake\Controller\Controller::render() - CORE\src\Controller\Controller.php, line 582
Cake\Routing\Dispatcher::_invoke() - CORE\src\Routing\Dispatcher.php, line 120
Cake\Routing\Dispatcher::dispatch() - CORE\src\Routing\Dispatcher.php, line 87
[main] - ROOT\webroot\index.php, line 37



2015-07-14 14:19:09 Notice: Deprecated (16384): SessionHelper has been deprecated. Use request->session() instead. in [E:\mywork\freelance\ITHelpDesk\sourcecode\helpdesk\vendor\cakephp\cakephp\src\View\Helper\SessionHelper.php, line 39]
Trace:
Cake\Error\BaseErrorHandler::handleError() - CORE\src\Error\BaseErrorHandler.php, line 138
Cake\View\Helper\SessionHelper::__construct() - CORE\src\View\Helper\SessionHelper.php, line 39
Cake\View\HelperRegistry::_create() - CORE\src\View\HelperRegistry.php, line 142
Cake\Core\ObjectRegistry::load() - CORE\src\Core\ObjectRegistry.php, line 89
Cake\View\HelperRegistry::__isset() - CORE\src\View\HelperRegistry.php, line 66
Cake\View\View::__get() - CORE\src\View\View.php, line 750
include - APP/Template\Layout\default.ctp, line 90
Cake\View\View::_evaluate() - CORE\src\View\View.php, line 833
Cake\View\View::_render() - CORE\src\View\View.php, line 793
Cake\View\View::renderLayout() - CORE\src\View\View.php, line 510
Cake\View\View::render() - CORE\src\View\View.php, line 472
Cake\Controller\Controller::render() - CORE\src\Controller\Controller.php, line 582
Cake\Routing\Dispatcher::_invoke() - CORE\src\Routing\Dispatcher.php, line 120
Cake\Routing\Dispatcher::dispatch() - CORE\src\Routing\Dispatcher.php, line 87
[main] - ROOT\webroot\index.php, line 37



2015-07-14 14:19:18 Notice: Deprecated (16384): SessionHelper has been deprecated. Use request->session() instead. in [E:\mywork\freelance\ITHelpDesk\sourcecode\helpdesk\vendor\cakephp\cakephp\src\View\Helper\SessionHelper.php, line 39]
Trace:
Cake\Error\BaseErrorHandler::handleError() - CORE\src\Error\BaseErrorHandler.php, line 138
Cake\View\Helper\SessionHelper::__construct() - CORE\src\View\Helper\SessionHelper.php, line 39
Cake\View\HelperRegistry::_create() - CORE\src\View\HelperRegistry.php, line 142
Cake\Core\ObjectRegistry::load() - CORE\src\Core\ObjectRegistry.php, line 89
Cake\View\HelperRegistry::__isset() - CORE\src\View\HelperRegistry.php, line 66
Cake\View\View::__get() - CORE\src\View\View.php, line 750
include - APP/Template\Layout\default.ctp, line 90
Cake\View\View::_evaluate() - CORE\src\View\View.php, line 833
Cake\View\View::_render() - CORE\src\View\View.php, line 793
Cake\View\View::renderLayout() - CORE\src\View\View.php, line 510
Cake\View\View::render() - CORE\src\View\View.php, line 472
Cake\Controller\Controller::render() - CORE\src\Controller\Controller.php, line 582
Cake\Routing\Dispatcher::_invoke() - CORE\src\Routing\Dispatcher.php, line 120
Cake\Routing\Dispatcher::dispatch() - CORE\src\Routing\Dispatcher.php, line 87
[main] - ROOT\webroot\index.php, line 37



2015-07-14 14:20:07 Notice: Deprecated (16384): SessionHelper has been deprecated. Use request->session() instead. in [E:\mywork\freelance\ITHelpDesk\sourcecode\helpdesk\vendor\cakephp\cakephp\src\View\Helper\SessionHelper.php, line 39]
Trace:
Cake\Error\BaseErrorHandler::handleError() - CORE\src\Error\BaseErrorHandler.php, line 138
Cake\View\Helper\SessionHelper::__construct() - CORE\src\View\Helper\SessionHelper.php, line 39
Cake\View\HelperRegistry::_create() - CORE\src\View\HelperRegistry.php, line 142
Cake\Core\ObjectRegistry::load() - CORE\src\Core\ObjectRegistry.php, line 89
Cake\View\HelperRegistry::__isset() - CORE\src\View\HelperRegistry.php, line 66
Cake\View\View::__get() - CORE\src\View\View.php, line 750
include - APP/Template\Layout\default.ctp, line 90
Cake\View\View::_evaluate() - CORE\src\View\View.php, line 833
Cake\View\View::_render() - CORE\src\View\View.php, line 793
Cake\View\View::renderLayout() - CORE\src\View\View.php, line 510
Cake\View\View::render() - CORE\src\View\View.php, line 472
Cake\Controller\Controller::render() - CORE\src\Controller\Controller.php, line 582
Cake\Routing\Dispatcher::_invoke() - CORE\src\Routing\Dispatcher.php, line 120
Cake\Routing\Dispatcher::dispatch() - CORE\src\Routing\Dispatcher.php, line 87
[main] - ROOT\webroot\index.php, line 37



2015-07-14 14:21:00 Notice: Deprecated (16384): SessionHelper has been deprecated. Use request->session() instead. in [E:\mywork\freelance\ITHelpDesk\sourcecode\helpdesk\vendor\cakephp\cakephp\src\View\Helper\SessionHelper.php, line 39]
Trace:
Cake\Error\BaseErrorHandler::handleError() - CORE\src\Error\BaseErrorHandler.php, line 138
Cake\View\Helper\SessionHelper::__construct() - CORE\src\View\Helper\SessionHelper.php, line 39
Cake\View\HelperRegistry::_create() - CORE\src\View\HelperRegistry.php, line 142
Cake\Core\ObjectRegistry::load() - CORE\src\Core\ObjectRegistry.php, line 89
Cake\View\HelperRegistry::__isset() - CORE\src\View\HelperRegistry.php, line 66
Cake\View\View::__get() - CORE\src\View\View.php, line 750
include - APP/Template\Layout\default.ctp, line 90
Cake\View\View::_evaluate() - CORE\src\View\View.php, line 833
Cake\View\View::_render() - CORE\src\View\View.php, line 793
Cake\View\View::renderLayout() - CORE\src\View\View.php, line 510
Cake\View\View::render() - CORE\src\View\View.php, line 472
Cake\Controller\Controller::render() - CORE\src\Controller\Controller.php, line 582
Cake\Routing\Dispatcher::_invoke() - CORE\src\Routing\Dispatcher.php, line 120
Cake\Routing\Dispatcher::dispatch() - CORE\src\Routing\Dispatcher.php, line 87
[main] - ROOT\webroot\index.php, line 37



2015-07-14 14:24:29 Notice: Deprecated (16384): SessionHelper has been deprecated. Use request->session() instead. in [E:\mywork\freelance\ITHelpDesk\sourcecode\helpdesk\vendor\cakephp\cakephp\src\View\Helper\SessionHelper.php, line 39]
Trace:
Cake\Error\BaseErrorHandler::handleError() - CORE\src\Error\BaseErrorHandler.php, line 138
Cake\View\Helper\SessionHelper::__construct() - CORE\src\View\Helper\SessionHelper.php, line 39
Cake\View\HelperRegistry::_create() - CORE\src\View\HelperRegistry.php, line 142
Cake\Core\ObjectRegistry::load() - CORE\src\Core\ObjectRegistry.php, line 89
Cake\View\HelperRegistry::__isset() - CORE\src\View\HelperRegistry.php, line 66
Cake\View\View::__get() - CORE\src\View\View.php, line 750
include - APP/Template\Layout\default.ctp, line 90
Cake\View\View::_evaluate() - CORE\src\View\View.php, line 833
Cake\View\View::_render() - CORE\src\View\View.php, line 793
Cake\View\View::renderLayout() - CORE\src\View\View.php, line 510
Cake\View\View::render() - CORE\src\View\View.php, line 472
Cake\Controller\Controller::render() - CORE\src\Controller\Controller.php, line 582
Cake\Routing\Dispatcher::_invoke() - CORE\src\Routing\Dispatcher.php, line 120
Cake\Routing\Dispatcher::dispatch() - CORE\src\Routing\Dispatcher.php, line 87
[main] - ROOT\webroot\index.php, line 37



2015-07-14 14:25:13 Notice: Deprecated (16384): SessionHelper has been deprecated. Use request->session() instead. in [E:\mywork\freelance\ITHelpDesk\sourcecode\helpdesk\vendor\cakephp\cakephp\src\View\Helper\SessionHelper.php, line 39]
Trace:
Cake\Error\BaseErrorHandler::handleError() - CORE\src\Error\BaseErrorHandler.php, line 138
Cake\View\Helper\SessionHelper::__construct() - CORE\src\View\Helper\SessionHelper.php, line 39
Cake\View\HelperRegistry::_create() - CORE\src\View\HelperRegistry.php, line 142
Cake\Core\ObjectRegistry::load() - CORE\src\Core\ObjectRegistry.php, line 89
Cake\View\HelperRegistry::__isset() - CORE\src\View\HelperRegistry.php, line 66
Cake\View\View::__get() - CORE\src\View\View.php, line 750
include - APP/Template\Layout\default.ctp, line 90
Cake\View\View::_evaluate() - CORE\src\View\View.php, line 833
Cake\View\View::_render() - CORE\src\View\View.php, line 793
Cake\View\View::renderLayout() - CORE\src\View\View.php, line 510
Cake\View\View::render() - CORE\src\View\View.php, line 472
Cake\Controller\Controller::render() - CORE\src\Controller\Controller.php, line 582
Cake\Routing\Dispatcher::_invoke() - CORE\src\Routing\Dispatcher.php, line 120
Cake\Routing\Dispatcher::dispatch() - CORE\src\Routing\Dispatcher.php, line 87
[main] - ROOT\webroot\index.php, line 37



2015-07-14 14:28:05 Notice: Deprecated (16384): SessionHelper has been deprecated. Use request->session() instead. in [E:\mywork\freelance\ITHelpDesk\sourcecode\helpdesk\vendor\cakephp\cakephp\src\View\Helper\SessionHelper.php, line 39]
Trace:
Cake\Error\BaseErrorHandler::handleError() - CORE\src\Error\BaseErrorHandler.php, line 138
Cake\View\Helper\SessionHelper::__construct() - CORE\src\View\Helper\SessionHelper.php, line 39
Cake\View\HelperRegistry::_create() - CORE\src\View\HelperRegistry.php, line 142
Cake\Core\ObjectRegistry::load() - CORE\src\Core\ObjectRegistry.php, line 89
Cake\View\HelperRegistry::__isset() - CORE\src\View\HelperRegistry.php, line 66
Cake\View\View::__get() - CORE\src\View\View.php, line 750
include - APP/Template\Layout\default.ctp, line 90
Cake\View\View::_evaluate() - CORE\src\View\View.php, line 833
Cake\View\View::_render() - CORE\src\View\View.php, line 793
Cake\View\View::renderLayout() - CORE\src\View\View.php, line 510
Cake\View\View::render() - CORE\src\View\View.php, line 472
Cake\Controller\Controller::render() - CORE\src\Controller\Controller.php, line 582
Cake\Routing\Dispatcher::_invoke() - CORE\src\Routing\Dispatcher.php, line 120
Cake\Routing\Dispatcher::dispatch() - CORE\src\Routing\Dispatcher.php, line 87
[main] - ROOT\webroot\index.php, line 37



2015-07-14 14:28:12 Notice: Deprecated (16384): SessionHelper has been deprecated. Use request->session() instead. in [E:\mywork\freelance\ITHelpDesk\sourcecode\helpdesk\vendor\cakephp\cakephp\src\View\Helper\SessionHelper.php, line 39]
Trace:
Cake\Error\BaseErrorHandler::handleError() - CORE\src\Error\BaseErrorHandler.php, line 138
Cake\View\Helper\SessionHelper::__construct() - CORE\src\View\Helper\SessionHelper.php, line 39
Cake\View\HelperRegistry::_create() - CORE\src\View\HelperRegistry.php, line 142
Cake\Core\ObjectRegistry::load() - CORE\src\Core\ObjectRegistry.php, line 89
Cake\View\HelperRegistry::__isset() - CORE\src\View\HelperRegistry.php, line 66
Cake\View\View::__get() - CORE\src\View\View.php, line 750
include - APP/Template\Layout\default.ctp, line 90
Cake\View\View::_evaluate() - CORE\src\View\View.php, line 833
Cake\View\View::_render() - CORE\src\View\View.php, line 793
Cake\View\View::renderLayout() - CORE\src\View\View.php, line 510
Cake\View\View::render() - CORE\src\View\View.php, line 472
Cake\Controller\Controller::render() - CORE\src\Controller\Controller.php, line 582
Cake\Routing\Dispatcher::_invoke() - CORE\src\Routing\Dispatcher.php, line 120
Cake\Routing\Dispatcher::dispatch() - CORE\src\Routing\Dispatcher.php, line 87
[main] - ROOT\webroot\index.php, line 37



2015-07-14 14:29:22 Notice: Deprecated (16384): SessionHelper has been deprecated. Use request->session() instead. in [E:\mywork\freelance\ITHelpDesk\sourcecode\helpdesk\vendor\cakephp\cakephp\src\View\Helper\SessionHelper.php, line 39]
Trace:
Cake\Error\BaseErrorHandler::handleError() - CORE\src\Error\BaseErrorHandler.php, line 138
Cake\View\Helper\SessionHelper::__construct() - CORE\src\View\Helper\SessionHelper.php, line 39
Cake\View\HelperRegistry::_create() - CORE\src\View\HelperRegistry.php, line 142
Cake\Core\ObjectRegistry::load() - CORE\src\Core\ObjectRegistry.php, line 89
Cake\View\HelperRegistry::__isset() - CORE\src\View\HelperRegistry.php, line 66
Cake\View\View::__get() - CORE\src\View\View.php, line 750
include - APP/Template\Layout\default.ctp, line 36
Cake\View\View::_evaluate() - CORE\src\View\View.php, line 833
Cake\View\View::_render() - CORE\src\View\View.php, line 793
Cake\View\View::renderLayout() - CORE\src\View\View.php, line 510
Cake\View\View::render() - CORE\src\View\View.php, line 472
Cake\Controller\Controller::render() - CORE\src\Controller\Controller.php, line 582
Cake\Routing\Dispatcher::_invoke() - CORE\src\Routing\Dispatcher.php, line 120
Cake\Routing\Dispatcher::dispatch() - CORE\src\Routing\Dispatcher.php, line 87
[main] - ROOT\webroot\index.php, line 37



2015-07-14 14:30:26 Notice: Deprecated (16384): SessionHelper has been deprecated. Use request->session() instead. in [E:\mywork\freelance\ITHelpDesk\sourcecode\helpdesk\vendor\cakephp\cakephp\src\View\Helper\SessionHelper.php, line 39]
Trace:
Cake\Error\BaseErrorHandler::handleError() - CORE\src\Error\BaseErrorHandler.php, line 138
Cake\View\Helper\SessionHelper::__construct() - CORE\src\View\Helper\SessionHelper.php, line 39
Cake\View\HelperRegistry::_create() - CORE\src\View\HelperRegistry.php, line 142
Cake\Core\ObjectRegistry::load() - CORE\src\Core\ObjectRegistry.php, line 89
Cake\View\HelperRegistry::__isset() - CORE\src\View\HelperRegistry.php, line 66
Cake\View\View::__get() - CORE\src\View\View.php, line 750
include - APP/Template\Layout\default.ctp, line 36
Cake\View\View::_evaluate() - CORE\src\View\View.php, line 833
Cake\View\View::_render() - CORE\src\View\View.php, line 793
Cake\View\View::renderLayout() - CORE\src\View\View.php, line 510
Cake\View\View::render() - CORE\src\View\View.php, line 472
Cake\Controller\Controller::render() - CORE\src\Controller\Controller.php, line 582
Cake\Routing\Dispatcher::_invoke() - CORE\src\Routing\Dispatcher.php, line 120
Cake\Routing\Dispatcher::dispatch() - CORE\src\Routing\Dispatcher.php, line 87
[main] - ROOT\webroot\index.php, line 37



2015-07-14 14:30:33 Notice: Deprecated (16384): SessionHelper has been deprecated. Use request->session() instead. in [E:\mywork\freelance\ITHelpDesk\sourcecode\helpdesk\vendor\cakephp\cakephp\src\View\Helper\SessionHelper.php, line 39]
Trace:
Cake\Error\BaseErrorHandler::handleError() - CORE\src\Error\BaseErrorHandler.php, line 138
Cake\View\Helper\SessionHelper::__construct() - CORE\src\View\Helper\SessionHelper.php, line 39
Cake\View\HelperRegistry::_create() - CORE\src\View\HelperRegistry.php, line 142
Cake\Core\ObjectRegistry::load() - CORE\src\Core\ObjectRegistry.php, line 89
Cake\View\HelperRegistry::__isset() - CORE\src\View\HelperRegistry.php, line 66
Cake\View\View::__get() - CORE\src\View\View.php, line 750
include - APP/Template\Layout\default.ctp, line 36
Cake\View\View::_evaluate() - CORE\src\View\View.php, line 833
Cake\View\View::_render() - CORE\src\View\View.php, line 793
Cake\View\View::renderLayout() - CORE\src\View\View.php, line 510
Cake\View\View::render() - CORE\src\View\View.php, line 472
Cake\Controller\Controller::render() - CORE\src\Controller\Controller.php, line 582
Cake\Routing\Dispatcher::_invoke() - CORE\src\Routing\Dispatcher.php, line 120
Cake\Routing\Dispatcher::dispatch() - CORE\src\Routing\Dispatcher.php, line 87
[main] - ROOT\webroot\index.php, line 37



2015-07-14 14:30:43 Notice: Deprecated (16384): SessionHelper has been deprecated. Use request->session() instead. in [E:\mywork\freelance\ITHelpDesk\sourcecode\helpdesk\vendor\cakephp\cakephp\src\View\Helper\SessionHelper.php, line 39]
Trace:
Cake\Error\BaseErrorHandler::handleError() - CORE\src\Error\BaseErrorHandler.php, line 138
Cake\View\Helper\SessionHelper::__construct() - CORE\src\View\Helper\SessionHelper.php, line 39
Cake\View\HelperRegistry::_create() - CORE\src\View\HelperRegistry.php, line 142
Cake\Core\ObjectRegistry::load() - CORE\src\Core\ObjectRegistry.php, line 89
Cake\View\HelperRegistry::__isset() - CORE\src\View\HelperRegistry.php, line 66
Cake\View\View::__get() - CORE\src\View\View.php, line 750
include - APP/Template\Layout\default.ctp, line 36
Cake\View\View::_evaluate() - CORE\src\View\View.php, line 833
Cake\View\View::_render() - CORE\src\View\View.php, line 793
Cake\View\View::renderLayout() - CORE\src\View\View.php, line 510
Cake\View\View::render() - CORE\src\View\View.php, line 472
Cake\Controller\Controller::render() - CORE\src\Controller\Controller.php, line 582
Cake\Routing\Dispatcher::_invoke() - CORE\src\Routing\Dispatcher.php, line 120
Cake\Routing\Dispatcher::dispatch() - CORE\src\Routing\Dispatcher.php, line 87
[main] - ROOT\webroot\index.php, line 37



2015-07-14 14:35:08 Notice: Deprecated (16384): SessionHelper has been deprecated. Use request->session() instead. in [E:\mywork\freelance\ITHelpDesk\sourcecode\helpdesk\vendor\cakephp\cakephp\src\View\Helper\SessionHelper.php, line 39]
Trace:
Cake\Error\BaseErrorHandler::handleError() - CORE\src\Error\BaseErrorHandler.php, line 138
Cake\View\Helper\SessionHelper::__construct() - CORE\src\View\Helper\SessionHelper.php, line 39
Cake\View\HelperRegistry::_create() - CORE\src\View\HelperRegistry.php, line 142
Cake\Core\ObjectRegistry::load() - CORE\src\Core\ObjectRegistry.php, line 89
Cake\View\HelperRegistry::__isset() - CORE\src\View\HelperRegistry.php, line 66
Cake\View\View::__get() - CORE\src\View\View.php, line 750
include - APP/Template\Layout\default.ctp, line 36
Cake\View\View::_evaluate() - CORE\src\View\View.php, line 833
Cake\View\View::_render() - CORE\src\View\View.php, line 793
Cake\View\View::renderLayout() - CORE\src\View\View.php, line 510
Cake\View\View::render() - CORE\src\View\View.php, line 472
Cake\Controller\Controller::render() - CORE\src\Controller\Controller.php, line 582
Cake\Routing\Dispatcher::_invoke() - CORE\src\Routing\Dispatcher.php, line 120
Cake\Routing\Dispatcher::dispatch() - CORE\src\Routing\Dispatcher.php, line 87
[main] - ROOT\webroot\index.php, line 37



2015-07-14 14:36:19 Notice: Strict (2048): Declaration of App\Controller\AppController::beforeRender() should be compatible with Cake\Controller\Controller::beforeRender(Cake\Event\Event $event) in [E:\mywork\freelance\ITHelpDesk\sourcecode\helpdesk\src\Controller\AppController.php, line 21]
Trace:
Cake\Error\BaseErrorHandler::handleError() - CORE\src\Error\BaseErrorHandler.php, line 138
include - APP/Controller\AppController.php, line 21
Composer\Autoload\includeFile - ROOT\vendor\composer\ClassLoader.php, line 412
Composer\Autoload\ClassLoader::loadClass() - ROOT\vendor\composer\ClassLoader.php, line 301
spl_autoload_call - [internal], line ??
include - APP/Controller\QuestionsController.php, line 10
Composer\Autoload\includeFile - ROOT\vendor\composer\ClassLoader.php, line 412
Composer\Autoload\ClassLoader::loadClass() - ROOT\vendor\composer\ClassLoader.php, line 301
spl_autoload_call - [internal], line ??
class_exists - [internal], line ??
Cake\Core\App::_classExistsInBase() - CORE\src\Core\App.php, line 89
Cake\Core\App::className() - CORE\src\Core\App.php, line 66
Cake\Routing\Filter\ControllerFactoryFilter::_getController() - CORE\src\Routing\Filter\ControllerFactoryFilter.php, line 78
Cake\Routing\Filter\ControllerFactoryFilter::beforeDispatch() - CORE\src\Routing\Filter\ControllerFactoryFilter.php, line 49
Cake\Routing\DispatcherFilter::handle() - CORE\src\Routing\DispatcherFilter.php, line 145
Cake\Event\EventManager::_callListener() - CORE\src\Event\EventManager.php, line 389
Cake\Event\EventManager::dispatch() - CORE\src\Event\EventManager.php, line 355
Cake\Routing\Dispatcher::dispatchEvent() - CORE\src\Event\EventManagerTrait.php, line 78
Cake\Routing\Dispatcher::dispatch() - CORE\src\Routing\Dispatcher.php, line 62
[main] - ROOT\webroot\index.php, line 37



2015-07-14 14:36:19 Notice: Deprecated (16384): SessionHelper has been deprecated. Use request->session() instead. in [E:\mywork\freelance\ITHelpDesk\sourcecode\helpdesk\vendor\cakephp\cakephp\src\View\Helper\SessionHelper.php, line 39]
Trace:
Cake\Error\BaseErrorHandler::handleError() - CORE\src\Error\BaseErrorHandler.php, line 138
Cake\View\Helper\SessionHelper::__construct() - CORE\src\View\Helper\SessionHelper.php, line 39
Cake\View\HelperRegistry::_create() - CORE\src\View\HelperRegistry.php, line 142
Cake\Core\ObjectRegistry::load() - CORE\src\Core\ObjectRegistry.php, line 89
Cake\View\HelperRegistry::__isset() - CORE\src\View\HelperRegistry.php, line 66
Cake\View\View::__get() - CORE\src\View\View.php, line 750
include - APP/Template\Layout\default.ctp, line 36
Cake\View\View::_evaluate() - CORE\src\View\View.php, line 833
Cake\View\View::_render() - CORE\src\View\View.php, line 793
Cake\View\View::renderLayout() - CORE\src\View\View.php, line 510
Cake\View\View::render() - CORE\src\View\View.php, line 472
Cake\Controller\Controller::render() - CORE\src\Controller\Controller.php, line 582
Cake\Routing\Dispatcher::_invoke() - CORE\src\Routing\Dispatcher.php, line 120
Cake\Routing\Dispatcher::dispatch() - CORE\src\Routing\Dispatcher.php, line 87
[main] - ROOT\webroot\index.php, line 37



2015-07-14 14:36:58 Notice: Strict (2048): Declaration of App\Controller\AppController::beforeRender() should be compatible with Cake\Controller\Controller::beforeRender(Cake\Event\Event $event) in [E:\mywork\freelance\ITHelpDesk\sourcecode\helpdesk\src\Controller\AppController.php, line 21]
Trace:
Cake\Error\BaseErrorHandler::handleError() - CORE\src\Error\BaseErrorHandler.php, line 138
include - APP/Controller\AppController.php, line 21
Composer\Autoload\includeFile - ROOT\vendor\composer\ClassLoader.php, line 412
Composer\Autoload\ClassLoader::loadClass() - ROOT\vendor\composer\ClassLoader.php, line 301
spl_autoload_call - [internal], line ??
include - APP/Controller\QuestionsController.php, line 10
Composer\Autoload\includeFile - ROOT\vendor\composer\ClassLoader.php, line 412
Composer\Autoload\ClassLoader::loadClass() - ROOT\vendor\composer\ClassLoader.php, line 301
spl_autoload_call - [internal], line ??
class_exists - [internal], line ??
Cake\Core\App::_classExistsInBase() - CORE\src\Core\App.php, line 89
Cake\Core\App::className() - CORE\src\Core\App.php, line 66
Cake\Routing\Filter\ControllerFactoryFilter::_getController() - CORE\src\Routing\Filter\ControllerFactoryFilter.php, line 78
Cake\Routing\Filter\ControllerFactoryFilter::beforeDispatch() - CORE\src\Routing\Filter\ControllerFactoryFilter.php, line 49
Cake\Routing\DispatcherFilter::handle() - CORE\src\Routing\DispatcherFilter.php, line 145
Cake\Event\EventManager::_callListener() - CORE\src\Event\EventManager.php, line 389
Cake\Event\EventManager::dispatch() - CORE\src\Event\EventManager.php, line 355
Cake\Routing\Dispatcher::dispatchEvent() - CORE\src\Event\EventManagerTrait.php, line 78
Cake\Routing\Dispatcher::dispatch() - CORE\src\Routing\Dispatcher.php, line 62
[main] - ROOT\webroot\index.php, line 37



2015-07-14 14:36:58 Notice: Deprecated (16384): SessionHelper has been deprecated. Use request->session() instead. in [E:\mywork\freelance\ITHelpDesk\sourcecode\helpdesk\vendor\cakephp\cakephp\src\View\Helper\SessionHelper.php, line 39]
Trace:
Cake\Error\BaseErrorHandler::handleError() - CORE\src\Error\BaseErrorHandler.php, line 138
Cake\View\Helper\SessionHelper::__construct() - CORE\src\View\Helper\SessionHelper.php, line 39
Cake\View\HelperRegistry::_create() - CORE\src\View\HelperRegistry.php, line 142
Cake\Core\ObjectRegistry::load() - CORE\src\Core\ObjectRegistry.php, line 89
Cake\View\HelperRegistry::__isset() - CORE\src\View\HelperRegistry.php, line 66
Cake\View\View::__get() - CORE\src\View\View.php, line 750
include - APP/Template\Layout\default.ctp, line 36
Cake\View\View::_evaluate() - CORE\src\View\View.php, line 833
Cake\View\View::_render() - CORE\src\View\View.php, line 793
Cake\View\View::renderLayout() - CORE\src\View\View.php, line 510
Cake\View\View::render() - CORE\src\View\View.php, line 472
Cake\Controller\Controller::render() - CORE\src\Controller\Controller.php, line 582
Cake\Routing\Dispatcher::_invoke() - CORE\src\Routing\Dispatcher.php, line 120
Cake\Routing\Dispatcher::dispatch() - CORE\src\Routing\Dispatcher.php, line 87
[main] - ROOT\webroot\index.php, line 37



2015-07-14 14:37:08 Notice: Strict (2048): Declaration of App\Controller\AppController::beforeRender() should be compatible with Cake\Controller\Controller::beforeRender(Cake\Event\Event $event) in [E:\mywork\freelance\ITHelpDesk\sourcecode\helpdesk\src\Controller\AppController.php, line 21]
Trace:
Cake\Error\BaseErrorHandler::handleError() - CORE\src\Error\BaseErrorHandler.php, line 138
include - APP/Controller\AppController.php, line 21
Composer\Autoload\includeFile - ROOT\vendor\composer\ClassLoader.php, line 412
Composer\Autoload\ClassLoader::loadClass() - ROOT\vendor\composer\ClassLoader.php, line 301
spl_autoload_call - [internal], line ??
include - APP/Controller\QuestionsController.php, line 10
Composer\Autoload\includeFile - ROOT\vendor\composer\ClassLoader.php, line 412
Composer\Autoload\ClassLoader::loadClass() - ROOT\vendor\composer\ClassLoader.php, line 301
spl_autoload_call - [internal], line ??
class_exists - [internal], line ??
Cake\Core\App::_classExistsInBase() - CORE\src\Core\App.php, line 89
Cake\Core\App::className() - CORE\src\Core\App.php, line 66
Cake\Routing\Filter\ControllerFactoryFilter::_getController() - CORE\src\Routing\Filter\ControllerFactoryFilter.php, line 78
Cake\Routing\Filter\ControllerFactoryFilter::beforeDispatch() - CORE\src\Routing\Filter\ControllerFactoryFilter.php, line 49
Cake\Routing\DispatcherFilter::handle() - CORE\src\Routing\DispatcherFilter.php, line 145
Cake\Event\EventManager::_callListener() - CORE\src\Event\EventManager.php, line 389
Cake\Event\EventManager::dispatch() - CORE\src\Event\EventManager.php, line 355
Cake\Routing\Dispatcher::dispatchEvent() - CORE\src\Event\EventManagerTrait.php, line 78
Cake\Routing\Dispatcher::dispatch() - CORE\src\Routing\Dispatcher.php, line 62
[main] - ROOT\webroot\index.php, line 37



2015-07-14 14:38:36 Notice: Strict (2048): Declaration of App\Controller\AppController::beforeRender() should be compatible with Cake\Controller\Controller::beforeRender(Cake\Event\Event $event) in [E:\mywork\freelance\ITHelpDesk\sourcecode\helpdesk\src\Controller\AppController.php, line 21]
Trace:
Cake\Error\BaseErrorHandler::handleError() - CORE\src\Error\BaseErrorHandler.php, line 138
include - APP/Controller\AppController.php, line 21
Composer\Autoload\includeFile - ROOT\vendor\composer\ClassLoader.php, line 412
Composer\Autoload\ClassLoader::loadClass() - ROOT\vendor\composer\ClassLoader.php, line 301
spl_autoload_call - [internal], line ??
include - APP/Controller\QuestionsController.php, line 10
Composer\Autoload\includeFile - ROOT\vendor\composer\ClassLoader.php, line 412
Composer\Autoload\ClassLoader::loadClass() - ROOT\vendor\composer\ClassLoader.php, line 301
spl_autoload_call - [internal], line ??
class_exists - [internal], line ??
Cake\Core\App::_classExistsInBase() - CORE\src\Core\App.php, line 89
Cake\Core\App::className() - CORE\src\Core\App.php, line 66
Cake\Routing\Filter\ControllerFactoryFilter::_getController() - CORE\src\Routing\Filter\ControllerFactoryFilter.php, line 78
Cake\Routing\Filter\ControllerFactoryFilter::beforeDispatch() - CORE\src\Routing\Filter\ControllerFactoryFilter.php, line 49
Cake\Routing\DispatcherFilter::handle() - CORE\src\Routing\DispatcherFilter.php, line 145
Cake\Event\EventManager::_callListener() - CORE\src\Event\EventManager.php, line 389
Cake\Event\EventManager::dispatch() - CORE\src\Event\EventManager.php, line 355
Cake\Routing\Dispatcher::dispatchEvent() - CORE\src\Event\EventManagerTrait.php, line 78
Cake\Routing\Dispatcher::dispatch() - CORE\src\Routing\Dispatcher.php, line 62
[main] - ROOT\webroot\index.php, line 37



2015-07-14 14:44:19 Notice: Deprecated (16384): SessionHelper has been deprecated. Use request->session() instead. in [E:\mywork\freelance\ITHelpDesk\sourcecode\helpdesk\vendor\cakephp\cakephp\src\View\Helper\SessionHelper.php, line 39]
Trace:
Cake\Error\BaseErrorHandler::handleError() - CORE\src\Error\BaseErrorHandler.php, line 138
Cake\View\Helper\SessionHelper::__construct() - CORE\src\View\Helper\SessionHelper.php, line 39
Cake\View\HelperRegistry::_create() - CORE\src\View\HelperRegistry.php, line 142
Cake\Core\ObjectRegistry::load() - CORE\src\Core\ObjectRegistry.php, line 89
Cake\View\HelperRegistry::__isset() - CORE\src\View\HelperRegistry.php, line 66
Cake\View\View::__get() - CORE\src\View\View.php, line 750
include - APP/Template\Layout\default.ctp, line 36
Cake\View\View::_evaluate() - CORE\src\View\View.php, line 833
Cake\View\View::_render() - CORE\src\View\View.php, line 793
Cake\View\View::renderLayout() - CORE\src\View\View.php, line 510
Cake\View\View::render() - CORE\src\View\View.php, line 472
Cake\Controller\Controller::render() - CORE\src\Controller\Controller.php, line 582
Cake\Routing\Dispatcher::_invoke() - CORE\src\Routing\Dispatcher.php, line 120
Cake\Routing\Dispatcher::dispatch() - CORE\src\Routing\Dispatcher.php, line 87
[main] - ROOT\webroot\index.php, line 37



2015-07-14 15:14:09 Notice: Notice (8): Undefined variable: loggingTimeStamp in [E:\mywork\freelance\ITHelpDesk\sourcecode\helpdesk\src\Controller\UsersController.php, line 32]
Trace:
Cake\Error\BaseErrorHandler::handleError() - CORE\src\Error\BaseErrorHandler.php, line 138
App\Controller\UsersController::login() - APP/Controller\UsersController.php, line 32
Cake\Controller\Controller::invokeAction() - CORE\src\Controller\Controller.php, line 411
Cake\Routing\Dispatcher::_invoke() - CORE\src\Routing\Dispatcher.php, line 114
Cake\Routing\Dispatcher::dispatch() - CORE\src\Routing\Dispatcher.php, line 87
[main] - ROOT\webroot\index.php, line 37



2015-07-16 20:31:42 Notice: Notice (8): Trying to get property of non-object in [E:\mywork\freelance\ITHelpDesk\sourcecode\helpdesk\src\Controller\UsersController.php, line 29]
Trace:
Cake\Error\BaseErrorHandler::handleError() - CORE\src\Error\BaseErrorHandler.php, line 138
App\Controller\UsersController::profile() - APP/Controller\UsersController.php, line 29
Cake\Controller\Controller::invokeAction() - CORE\src\Controller\Controller.php, line 411
Cake\Routing\Dispatcher::_invoke() - CORE\src\Routing\Dispatcher.php, line 114
Cake\Routing\Dispatcher::dispatch() - CORE\src\Routing\Dispatcher.php, line 87
[main] - ROOT\webroot\index.php, line 37



2015-07-16 21:15:26 Notice: Notice (8): Undefined variable: article in [E:\mywork\freelance\ITHelpDesk\sourcecode\helpdesk\src\Template\Users\profile.ctp, line 20]
Trace:
Cake\Error\BaseErrorHandler::handleError() - CORE\src\Error\BaseErrorHandler.php, line 138
include - APP/Template\Users\profile.ctp, line 20
Cake\View\View::_evaluate() - CORE\src\View\View.php, line 833
Cake\View\View::_render() - CORE\src\View\View.php, line 793
Cake\View\View::render() - CORE\src\View\View.php, line 464
Cake\Controller\Controller::render() - CORE\src\Controller\Controller.php, line 582
Cake\Routing\Dispatcher::_invoke() - CORE\src\Routing\Dispatcher.php, line 120
Cake\Routing\Dispatcher::dispatch() - CORE\src\Routing\Dispatcher.php, line 87
[main] - ROOT\webroot\index.php, line 37



2015-07-16 21:31:52 Notice: Notice (8): Undefined index: firstname in [E:\mywork\freelance\ITHelpDesk\sourcecode\helpdesk\src\Controller\UsersController.php, line 37]
Trace:
Cake\Error\BaseErrorHandler::handleError() - CORE\src\Error\BaseErrorHandler.php, line 138
App\Controller\UsersController::updateProfile() - APP/Controller\UsersController.php, line 37
Cake\Controller\Controller::invokeAction() - CORE\src\Controller\Controller.php, line 411
Cake\Routing\Dispatcher::_invoke() - CORE\src\Routing\Dispatcher.php, line 114
Cake\Routing\Dispatcher::dispatch() - CORE\src\Routing\Dispatcher.php, line 87
[main] - ROOT\webroot\index.php, line 37



2015-07-16 21:31:52 Notice: Notice (8): Undefined index: lastname in [E:\mywork\freelance\ITHelpDesk\sourcecode\helpdesk\src\Controller\UsersController.php, line 38]
Trace:
Cake\Error\BaseErrorHandler::handleError() - CORE\src\Error\BaseErrorHandler.php, line 138
App\Controller\UsersController::updateProfile() - APP/Controller\UsersController.php, line 38
Cake\Controller\Controller::invokeAction() - CORE\src\Controller\Controller.php, line 411
Cake\Routing\Dispatcher::_invoke() - CORE\src\Routing\Dispatcher.php, line 114
Cake\Routing\Dispatcher::dispatch() - CORE\src\Routing\Dispatcher.php, line 87
[main] - ROOT\webroot\index.php, line 37



2015-07-16 21:33:18 Notice: Notice (8): Undefined index: firstname in [E:\mywork\freelance\ITHelpDesk\sourcecode\helpdesk\src\Controller\UsersController.php, line 37]
Trace:
Cake\Error\BaseErrorHandler::handleError() - CORE\src\Error\BaseErrorHandler.php, line 138
App\Controller\UsersController::updateProfile() - APP/Controller\UsersController.php, line 37
Cake\Controller\Controller::invokeAction() - CORE\src\Controller\Controller.php, line 411
Cake\Routing\Dispatcher::_invoke() - CORE\src\Routing\Dispatcher.php, line 114
Cake\Routing\Dispatcher::dispatch() - CORE\src\Routing\Dispatcher.php, line 87
[main] - ROOT\webroot\index.php, line 37



2015-07-16 21:33:18 Notice: Notice (8): Undefined index: lastname in [E:\mywork\freelance\ITHelpDesk\sourcecode\helpdesk\src\Controller\UsersController.php, line 38]
Trace:
Cake\Error\BaseErrorHandler::handleError() - CORE\src\Error\BaseErrorHandler.php, line 138
App\Controller\UsersController::updateProfile() - APP/Controller\UsersController.php, line 38
Cake\Controller\Controller::invokeAction() - CORE\src\Controller\Controller.php, line 411
Cake\Routing\Dispatcher::_invoke() - CORE\src\Routing\Dispatcher.php, line 114
Cake\Routing\Dispatcher::dispatch() - CORE\src\Routing\Dispatcher.php, line 87
[main] - ROOT\webroot\index.php, line 37



2015-07-16 21:33:53 Notice: Notice (8): Undefined index: users.firstname in [E:\mywork\freelance\ITHelpDesk\sourcecode\helpdesk\src\Controller\UsersController.php, line 38]
Trace:
Cake\Error\BaseErrorHandler::handleError() - CORE\src\Error\BaseErrorHandler.php, line 138
App\Controller\UsersController::updateProfile() - APP/Controller\UsersController.php, line 38
Cake\Controller\Controller::invokeAction() - CORE\src\Controller\Controller.php, line 411
Cake\Routing\Dispatcher::_invoke() - CORE\src\Routing\Dispatcher.php, line 114
Cake\Routing\Dispatcher::dispatch() - CORE\src\Routing\Dispatcher.php, line 87
[main] - ROOT\webroot\index.php, line 37



2015-07-16 21:33:53 Notice: Notice (8): Undefined index: users.lastname in [E:\mywork\freelance\ITHelpDesk\sourcecode\helpdesk\src\Controller\UsersController.php, line 39]
Trace:
Cake\Error\BaseErrorHandler::handleError() - CORE\src\Error\BaseErrorHandler.php, line 138
App\Controller\UsersController::updateProfile() - APP/Controller\UsersController.php, line 39
Cake\Controller\Controller::invokeAction() - CORE\src\Controller\Controller.php, line 411
Cake\Routing\Dispatcher::_invoke() - CORE\src\Routing\Dispatcher.php, line 114
Cake\Routing\Dispatcher::dispatch() - CORE\src\Routing\Dispatcher.php, line 87
[main] - ROOT\webroot\index.php, line 37



2015-07-16 21:46:06 Notice: Notice (8): Trying to get property of non-object in [E:\mywork\freelance\ITHelpDesk\sourcecode\helpdesk\src\Controller\UsersController.php, line 40]
Trace:
Cake\Error\BaseErrorHandler::handleError() - CORE\src\Error\BaseErrorHandler.php, line 138
App\Controller\UsersController::updateProfile() - APP/Controller\UsersController.php, line 40
Cake\Controller\Controller::invokeAction() - CORE\src\Controller\Controller.php, line 411
Cake\Routing\Dispatcher::_invoke() - CORE\src\Routing\Dispatcher.php, line 114
Cake\Routing\Dispatcher::dispatch() - CORE\src\Routing\Dispatcher.php, line 87
[main] - ROOT\webroot\index.php, line 37



2015-07-16 21:46:06 Notice: Notice (8): Trying to get property of non-object in [E:\mywork\freelance\ITHelpDesk\sourcecode\helpdesk\src\Controller\UsersController.php, line 41]
Trace:
Cake\Error\BaseErrorHandler::handleError() - CORE\src\Error\BaseErrorHandler.php, line 138
App\Controller\UsersController::updateProfile() - APP/Controller\UsersController.php, line 41
Cake\Controller\Controller::invokeAction() - CORE\src\Controller\Controller.php, line 411
Cake\Routing\Dispatcher::_invoke() - CORE\src\Routing\Dispatcher.php, line 114
Cake\Routing\Dispatcher::dispatch() - CORE\src\Routing\Dispatcher.php, line 87
[main] - ROOT\webroot\index.php, line 37



2015-07-16 21:50:34 Notice: Notice (8): Undefined variable: user in [E:\mywork\freelance\ITHelpDesk\sourcecode\helpdesk\src\Controller\UsersController.php, line 35]
Trace:
Cake\Error\BaseErrorHandler::handleError() - CORE\src\Error\BaseErrorHandler.php, line 138
App\Controller\UsersController::updateProfile() - APP/Controller\UsersController.php, line 35
Cake\Controller\Controller::invokeAction() - CORE\src\Controller\Controller.php, line 411
Cake\Routing\Dispatcher::_invoke() - CORE\src\Routing\Dispatcher.php, line 114
Cake\Routing\Dispatcher::dispatch() - CORE\src\Routing\Dispatcher.php, line 87
[main] - ROOT\webroot\index.php, line 37



2015-07-16 21:51:01 Notice: Notice (8): Undefined variable: userProfile in [E:\mywork\freelance\ITHelpDesk\sourcecode\helpdesk\src\Controller\UsersController.php, line 35]
Trace:
Cake\Error\BaseErrorHandler::handleError() - CORE\src\Error\BaseErrorHandler.php, line 138
App\Controller\UsersController::updateProfile() - APP/Controller\UsersController.php, line 35
Cake\Controller\Controller::invokeAction() - CORE\src\Controller\Controller.php, line 411
Cake\Routing\Dispatcher::_invoke() - CORE\src\Routing\Dispatcher.php, line 114
Cake\Routing\Dispatcher::dispatch() - CORE\src\Routing\Dispatcher.php, line 87
[main] - ROOT\webroot\index.php, line 37



2015-07-16 21:55:03 Notice: Notice (8): Undefined variable: usersTable in [E:\mywork\freelance\ITHelpDesk\sourcecode\helpdesk\src\Controller\UsersController.php, line 37]
Trace:
Cake\Error\BaseErrorHandler::handleError() - CORE\src\Error\BaseErrorHandler.php, line 138
App\Controller\UsersController::updateProfile() - APP/Controller\UsersController.php, line 37
Cake\Controller\Controller::invokeAction() - CORE\src\Controller\Controller.php, line 411
Cake\Routing\Dispatcher::_invoke() - CORE\src\Routing\Dispatcher.php, line 114
Cake\Routing\Dispatcher::dispatch() - CORE\src\Routing\Dispatcher.php, line 87
[main] - ROOT\webroot\index.php, line 37



